<?xml version="1.0" encoding="UTF-8"?>
<!-- Generated by org.testng.reporters.JUnitXMLReporter -->
<testsuite hostname="root-pro2019" name="GOGO coding challange" tests="6" failures="0" timestamp="22 Aug 2019 15:21:26 GMT" time="3.703" errors="0">
  <testcase name="validatePostRequest" time="1.79" classname="com.gogoair.post.request.validations.APIValidations"/>
  <testcase name="validatePostRequestWithInvalidGender" time="0.575" classname="com.gogoair.post.request.validations.APIValidations"/>
  <testcase name="validatePostRequestWithMissingField" time="0.307" classname="com.gogoair.post.request.validations.APIValidations"/>
  <testcase name="validatePostRequestWithInvalidAuthorization" time="0.276" classname="com.gogoair.post.request.validations.APIValidations"/>
  <testcase name="validatePostRequestWithMissingAuthorization" time="0.281" classname="com.gogoair.post.request.validations.APIValidations"/>
  <testcase name="validateGetRequest" time="0.291" classname="com.gogoair.post.request.validations.APIValidations"/>
</testsuite> <!-- GOGO coding challange -->
